Mplus VERSION 8.8
MUTHEN & MUTHEN
02/06/2023   3:50 PM

INPUT INSTRUCTIONS

  TITLE:
  1-Class
  DATA:
  FILE = "C:/Users/Dina Arch/Box/TA - ED 201/Labs/ucsb-mixture-lab3/enum_mplus/cheat_Lab3.da

  VARIABLE:
  NAMES = lieexam liepaper fraud copyexam;
   MISSING=.;
   categorical = lieexam-copyexam;
  usevar = lieexam-copyexam;
  classes = c(1);
  ANALYSIS:
  estimator = mlr;
      type = mixture;
      starts = 200 100;
      stseed = 887676;
      processors = 10;
  OUTPUT:
  sampstat residual tech11 tech14;
  PLOT:
  type = plot3;
      series = lieexam-copyexam(*);



*** WARNING
  Input line exceeded 90 characters. Some input may be truncated.
  FILE = "C:/Users/Dina Arch/Box/TA - ED 201/Labs/ucsb-mixture-lab3/enum_mplus/cheat_Lab3.dat
*** WARNING in DATA command
  Statement not terminated by a semicolon:
  FILE = "C:/Users/Dina Arch/Box/TA - ED 201/Labs/ucsb-mixture-lab3/enum_mplus/cheat_Lab3.dat
*** WARNING in DATA command
  Mismatched quotation in FILE option.  A quotation mark will be assumed at
  the end of the line.
*** WARNING in OUTPUT command
  SAMPSTAT option is not available when all outcomes are censored, ordered
  categorical, unordered categorical (nominal), count or continuous-time
  survival variables.  Request for SAMPSTAT is ignored.
*** WARNING in OUTPUT command
  TECH11 option is not available for TYPE=MIXTURE with only one class.
  Request for TECH11 is ignored.
*** WARNING in OUTPUT command
  TECH14 option is not available for TYPE=MIXTURE with only one class.
  Request for TECH14 is ignored.
   6 WARNING(S) FOUND IN THE INPUT INSTRUCTIONS




1-Class

SUMMARY OF ANALYSIS

Number of groups                                                 1
Number of observations                                         319

Number of dependent variables                                    4
Number of independent variables                                  0
Number of continuous latent variables                            0
Number of categorical latent variables                           1

Observed dependent variables

  Binary and ordered categorical (ordinal)
   LIEEXAM     LIEPAPER    FRAUD       COPYEXAM

Categorical latent variables
   C


Estimator                                                      MLR
Information matrix                                        OBSERVED
Optimization Specifications for the Quasi-Newton Algorithm for
Continuous Outcomes
  Maximum number of iterations                                 100
  Convergence criterion                                  0.100D-05
Optimization Specifications for the EM Algorithm
  Maximum number of iterations                                 500
  Convergence criteria
    Loglikelihood change                                 0.100D-06
    Relative loglikelihood change                        0.100D-06
    Derivative                                           0.100D-05
Optimization Specifications for the M step of the EM Algorithm for
Categorical Latent variables
  Number of M step iterations                                    1
  M step convergence criterion                           0.100D-05
  Basis for M step termination                           ITERATION
Optimization Specifications for the M step of the EM Algorithm for
Censored, Binary or Ordered Categorical (Ordinal), Unordered
Categorical (Nominal) and Count Outcomes
  Number of M step iterations                                    1
  M step convergence criterion                           0.100D-05
  Basis for M step termination                           ITERATION
  Maximum value for logit thresholds                            15
  Minimum value for logit thresholds                           -15
  Minimum expected cell size for chi-square              0.100D-01
Maximum number of iterations for H1                           2000
Convergence criterion for H1                             0.100D-03
Optimization algorithm                                         EMA
Random Starts Specifications
  Number of initial stage random starts                        200
  Number of final stage optimizations                          100
  Number of initial stage iterations                            10
  Initial stage convergence criterion                    0.100D+01
  Random starts scale                                    0.500D+01
  Random seed for generating random starts                  887676
Link                                                         LOGIT

Input data file(s)
  C:/Users/Dina Arch/Box/TA - ED 201/Labs/ucsb-mixture-lab3/enum_mplus/cheat_Lab
Input data format  FREE


SUMMARY OF DATA

     Number of missing data patterns             1
     Number of y missing data patterns           0
     Number of u missing data patterns           1


COVARIANCE COVERAGE OF DATA

Minimum covariance coverage value   0.100


UNIVARIATE PROPORTIONS AND COUNTS FOR CATEGORICAL VARIABLES

    LIEEXAM
      Category 1    0.893          285.000
      Category 2    0.107           34.000
    LIEPAPER
      Category 1    0.881          281.000
      Category 2    0.119           38.000
    FRAUD
      Category 1    0.934          298.000
      Category 2    0.066           21.000
    COPYEXAM
      Category 1    0.787          251.000
      Category 2    0.213           68.000


RANDOM STARTS RESULTS RANKED FROM THE BEST TO THE WORST LOGLIKELIHOOD VALUES

Final stage loglikelihood values at local maxima, seeds, and initial stage start numbers:

            -467.438  273754           141
            -467.438  953977           161
            -467.438  211657           81
            -467.438  416930           41
            -467.438  327125           21
            -467.438  120210           181
            -467.438  670616           101
            -467.438  913945           121
            -467.438  35606            61
            -467.438  988420           1
            -467.438  665244           3
            -467.438  997511           15
            -467.438  661379           128
            -467.438  891605           188
            -467.438  292079           64
            -467.438  837522           186
            -467.438  653669           129
            -467.438  266328           130
            -467.438  21124            32
            -467.438  408054           182
            -467.438  221749           90
            -467.438  445412           65
            -467.438  395016           131
            -467.438  65132            132
            -467.438  587695           66
            -467.438  917351           133
            -467.438  641861           134
            -467.438  521614           7
            -467.438  532067           33
            -467.438  66757            67
            -467.438  76737            135
            -467.438  254453           170
            -467.438  913193           169
            -467.438  340304           168
            -467.438  272736           136
            -467.438  167048           166
            -467.438  493704           165
            -467.438  186507           164
            -467.438  319098           68
            -467.438  302911           16
            -467.438  403221           69
            -467.438  21001            34
            -467.438  472070           70
            -467.438  435741           142
            -467.438  509104           8
            -467.438  321046           17
            -467.438  12047            35
            -467.438  734722           71
            -467.438  942946           143
            -467.438  693798           144
            -467.438  332150           72
            -467.438  696647           150
            -467.438  82746            145
            -467.438  474909           146
            -467.438  543664           36
            -467.438  660759           147
            -467.438  671930           148
            -467.438  985941           149
            -467.438  583504           18
            -467.438  195759           37
            -467.438  574496           38
            -467.438  268896           4
            -467.438  390294           39
            -467.438  489656           162
            -467.438  38015            40
            -467.438  369966           163
            -467.438  207770           82
            -467.438  unperturbed      0
            -467.438  642798           83
            -467.438  438389           167
            -467.438  553820           84
            -467.438  570366           42
            -467.438  689606           85
            -467.438  874104           86
            -467.438  861001           43
            -467.438  912566           87
            -467.438  979797           88
            -467.438  559948           89
            -467.438  443762           44
            -467.438  289149           45
            -467.438  250215           183
            -467.438  190167           184
            -467.438  578721           185
            -467.438  950509           46
            -467.438  210353           187
            -467.438  786648           189
            -467.438  255385           47
            -467.438  611524           48
            -467.438  756451           198
            -467.438  78052            49
            -467.438  221409           50
            -467.438  183711           110
            -467.438  136844           102
            -467.438  751029           103
            -467.438  542970           104
            -467.438  690500           105
            -467.438  367806           106
            -467.438  720887           107
            -467.438  943980           108
            -467.438  308829           109



THE MODEL ESTIMATION TERMINATED NORMALLY



MODEL FIT INFORMATION

Number of Free Parameters                        4

Loglikelihood

          H0 Value                        -467.438
          H0 Scaling Correction Factor      1.0000
            for MLR

Information Criteria

          Akaike (AIC)                     942.876
          Bayesian (BIC)                   957.937
          Sample-Size Adjusted BIC         945.250
            (n* = (n + 2) / 24)

Chi-Square Test of Model Fit for the Binary and Ordered Categorical
(Ordinal) Outcomes

          Pearson Chi-Square

          Value                            136.342
          Degrees of Freedom                    11
          P-Value                           0.0000

          Likelihood Ratio Chi-Square

          Value                             62.586
          Degrees of Freedom                    11
          P-Value                           0.0000



FINAL CLASS COUNTS AND PROPORTIONS FOR THE LATENT CLASSES
BASED ON THE ESTIMATED MODEL

    Latent
   Classes

       1        319.00000          1.00000


FINAL CLASS COUNTS AND PROPORTIONS FOR THE LATENT CLASSES
BASED ON ESTIMATED POSTERIOR PROBABILITIES

    Latent
   Classes

       1        319.00000          1.00000


FINAL CLASS COUNTS AND PROPORTIONS FOR THE LATENT CLASSES
BASED ON THEIR MOST LIKELY LATENT CLASS MEMBERSHIP

Class Counts and Proportions

    Latent
   Classes

       1              319          1.00000


Average Latent Class Probabilities for Most Likely Latent Class Membership (Row)
by Latent Class (Column)

           1

    1   1.000


Classification Probabilities for the Most Likely Latent Class Membership (Column)
by Latent Class (Row)

           1

    1   1.000


Logits for the Classification Probabilities for the Most Likely Latent Class Membership (Column)
by Latent Class (Row)

              1

    1      0.000


MODEL RESULTS

                                                    Two-Tailed
                    Estimate       S.E.  Est./S.E.    P-Value

Latent Class 1

 Thresholds
    LIEEXAM$1          2.126      0.181     11.718      0.000
    LIEPAPER$1         2.001      0.173     11.576      0.000
    FRAUD$1            2.653      0.226     11.749      0.000
    COPYEXAM$1         1.306      0.137      9.553      0.000


QUALITY OF NUMERICAL RESULTS

     Condition Number for the Information Matrix              0.300E+00
       (ratio of smallest to largest eigenvalue)


RESULTS IN PROBABILITY SCALE

                                                    Two-Tailed
                    Estimate       S.E.  Est./S.E.    P-Value

Latent Class 1

 LIEEXAM
    Category 1         0.893      0.017     51.710      0.000
    Category 2         0.107      0.017      6.169      0.000
 LIEPAPER
    Category 1         0.881      0.018     48.569      0.000
    Category 2         0.119      0.018      6.568      0.000
 FRAUD
    Category 1         0.934      0.014     67.281      0.000
    Category 2         0.066      0.014      4.741      0.000
 COPYEXAM
    Category 1         0.787      0.023     34.315      0.000
    Category 2         0.213      0.023      9.296      0.000


RESIDUAL OUTPUT


     RESIDUAL OUTPUT IS NOT AVAILABLE FOR THIS MODEL.  ADDITIONAL OUTPUT FOR
     CATEGORICAL, COUNT, AND NOMINAL VARIABLES MAY BE AVAILABLE USING TECH10.


PLOT INFORMATION

The following plots are available:

  Histograms (sample values)
  Scatterplots (sample values)
  Sample proportions and estimated probabilities

     Beginning Time:  15:50:29
        Ending Time:  15:50:33
       Elapsed Time:  00:00:04



MUTHEN & MUTHEN
3463 Stoner Ave.
Los Angeles, CA  90066

Tel: (310) 391-9971
Fax: (310) 391-8971
Web: www.StatModel.com
Support: Support@StatModel.com

Copyright (c) 1998-2022 Muthen & Muthen
