Mplus VERSION 8.8
MUTHEN & MUTHEN
01/20/2023   4:39 PM

INPUT INSTRUCTIONS

  TITLE:
  Class 4
  DATA:
  FILE = "C:/Users/Dina Arch/Box/TA - ED 201/Labs/ucsb-mixture-lab3/enum_mplus/cheat_Lab3.da

  VARIABLE:
  NAMES = lieexam liepaper fraud copyexam;
   MISSING=.;
   categorical = lieexam-copyexam;
  usevar = lieexam-copyexam;
  classes = c(4);
  ANALYSIS:
  estimator = mlr;
      type = mixture;
      stseed = 5212020;
      starts = 200 100;
      processors = 10;
  OUTPUT:
  sampstat residual tech11 tech14;
  PLOT:
  type = plot3;
      series = lieexam-copyexam(*);



*** WARNING
  Input line exceeded 90 characters. Some input may be truncated.
  FILE = "C:/Users/Dina Arch/Box/TA - ED 201/Labs/ucsb-mixture-lab3/enum_mplus/cheat_Lab3.dat
*** WARNING in DATA command
  Statement not terminated by a semicolon:
  FILE = "C:/Users/Dina Arch/Box/TA - ED 201/Labs/ucsb-mixture-lab3/enum_mplus/cheat_Lab3.dat
*** WARNING in DATA command
  Mismatched quotation in FILE option.  A quotation mark will be assumed at
  the end of the line.
*** WARNING in OUTPUT command
  SAMPSTAT option is not available when all outcomes are censored, ordered
  categorical, unordered categorical (nominal), count or continuous-time
  survival variables.  Request for SAMPSTAT is ignored.
   4 WARNING(S) FOUND IN THE INPUT INSTRUCTIONS




Class 4

SUMMARY OF ANALYSIS

Number of groups                                                 1
Number of observations                                         319

Number of dependent variables                                    4
Number of independent variables                                  0
Number of continuous latent variables                            0
Number of categorical latent variables                           1

Observed dependent variables

  Binary and ordered categorical (ordinal)
   LIEEXAM     LIEPAPER    FRAUD       COPYEXAM

Categorical latent variables
   C


Estimator                                                      MLR
Information matrix                                        OBSERVED
Optimization Specifications for the Quasi-Newton Algorithm for
Continuous Outcomes
  Maximum number of iterations                                 100
  Convergence criterion                                  0.100D-05
Optimization Specifications for the EM Algorithm
  Maximum number of iterations                                 500
  Convergence criteria
    Loglikelihood change                                 0.100D-06
    Relative loglikelihood change                        0.100D-06
    Derivative                                           0.100D-05
Optimization Specifications for the M step of the EM Algorithm for
Categorical Latent variables
  Number of M step iterations                                    1
  M step convergence criterion                           0.100D-05
  Basis for M step termination                           ITERATION
Optimization Specifications for the M step of the EM Algorithm for
Censored, Binary or Ordered Categorical (Ordinal), Unordered
Categorical (Nominal) and Count Outcomes
  Number of M step iterations                                    1
  M step convergence criterion                           0.100D-05
  Basis for M step termination                           ITERATION
  Maximum value for logit thresholds                            15
  Minimum value for logit thresholds                           -15
  Minimum expected cell size for chi-square              0.100D-01
Maximum number of iterations for H1                           2000
Convergence criterion for H1                             0.100D-03
Optimization algorithm                                         EMA
Random Starts Specifications
  Number of initial stage random starts                        200
  Number of final stage optimizations                          100
  Number of initial stage iterations                            10
  Initial stage convergence criterion                    0.100D+01
  Random starts scale                                    0.500D+01
  Random seed for generating random starts                 5212020
Link                                                         LOGIT

Input data file(s)
  C:/Users/Dina Arch/Box/TA - ED 201/Labs/ucsb-mixture-lab3/enum_mplus/cheat_Lab
Input data format  FREE


SUMMARY OF DATA

     Number of missing data patterns             1
     Number of y missing data patterns           0
     Number of u missing data patterns           1


COVARIANCE COVERAGE OF DATA

Minimum covariance coverage value   0.100


UNIVARIATE PROPORTIONS AND COUNTS FOR CATEGORICAL VARIABLES

    LIEEXAM
      Category 1    0.893          285.000
      Category 2    0.107           34.000
    LIEPAPER
      Category 1    0.881          281.000
      Category 2    0.119           38.000
    FRAUD
      Category 1    0.934          298.000
      Category 2    0.066           21.000
    COPYEXAM
      Category 1    0.787          251.000
      Category 2    0.213           68.000


RANDOM STARTS RESULTS RANKED FROM THE BEST TO THE WORST LOGLIKELIHOOD VALUES

Final stage loglikelihood values at local maxima, seeds, and initial stage start numbers:

            -436.145  967388           39
            -436.145  614072           115
            -436.145  854521           19
            -436.145  469686           8
            -436.145  199881           37
            -436.145  28330            64
            -436.145  959724           187
            -436.145  368906           36
            -436.145  112301           127
            -436.145  355486           88
            -436.145  794380           89
            -436.145  386376           118
            -436.145  425444           83
            -436.145  412995           41
            -436.145  925072           11
            -436.145  859802           44
            -436.145  312878           10
            -436.145  121924           100
            -436.145  349272           16
            -436.145  484382           48
            -436.145  879810           164
            -436.145  74454            6
            -436.145  788113           129
            -436.145  921342           177
            -436.145  258034           79
            -436.146  818887           72
            -436.146  11224            173
            -436.146  446866           142
            -436.146  810469           2
            -436.187  441167           18
            -436.188  842290           3
            -436.190  154877           9
            -436.228  306755           123

67 perturbed starting value run(s) did not converge or were rejected in the third stage.



THE BEST LOGLIKELIHOOD VALUE HAS BEEN REPLICATED.  RERUN WITH AT LEAST TWICE THE
RANDOM STARTS TO CHECK THAT THE BEST LOGLIKELIHOOD IS STILL OBTAINED AND REPLICATED.

     IN THE OPTIMIZATION, ONE OR MORE LOGIT THRESHOLDS APPROACHED EXTREME VALUES
     OF -15.000 AND 15.000 AND WERE FIXED TO STABILIZE MODEL ESTIMATION.  THESE
     VALUES IMPLY PROBABILITIES OF 0 AND 1.  IN THE MODEL RESULTS SECTION, THESE
     PARAMETERS HAVE 0 STANDARD ERRORS AND 999 IN THE Z-SCORE AND P-VALUE COLUMNS.

     THE STANDARD ERRORS OF THE MODEL PARAMETER ESTIMATES MAY NOT BE
     TRUSTWORTHY FOR SOME PARAMETERS DUE TO A NON-POSITIVE DEFINITE
     FIRST-ORDER DERIVATIVE PRODUCT MATRIX.  THIS MAY BE DUE TO THE STARTING
     VALUES BUT MAY ALSO BE AN INDICATION OF MODEL NONIDENTIFICATION.  THE
     CONDITION NUMBER IS      -0.198D-16.  PROBLEM INVOLVING THE FOLLOWING PARAMETER:
     Parameter 18, [ C#2 ]

     ONE OR MORE MULTINOMIAL LOGIT PARAMETERS WERE FIXED TO AVOID SINGULARITY
     OF THE INFORMATION MATRIX.  THE SINGULARITY IS MOST LIKELY BECAUSE THE
     MODEL IS NOT IDENTIFIED, OR BECAUSE OF EMPTY CELLS IN THE JOINT
     DISTRIBUTION OF THE CATEGORICAL LATENT VARIABLES AND ANY INDEPENDENT
     VARIABLES.  THE FOLLOWING PARAMETERS WERE FIXED:
     Parameter 17, [ C#1 ]




THE MODEL ESTIMATION TERMINATED NORMALLY

     THE DEGREES OF FREEDOM FOR THIS MODEL ARE NEGATIVE.  THE MODEL IS NOT
     IDENTIFIED OR TOO MANY CELLS WERE DELETED.  A CHI-SQUARE TEST IS NOT
     AVAILABLE.



MODEL FIT INFORMATION

Number of Free Parameters                       19

Loglikelihood

          H0 Value                        -436.145
          H0 Scaling Correction Factor      0.8421
            for MLR

Information Criteria

          Akaike (AIC)                     910.290
          Bayesian (BIC)                   981.829
          Sample-Size Adjusted BIC         921.564
            (n* = (n + 2) / 24)



FINAL CLASS COUNTS AND PROPORTIONS FOR THE LATENT CLASSES
BASED ON THE ESTIMATED MODEL

    Latent
   Classes

       1        208.53300          0.65371
       2          9.31141          0.02919
       3         36.16030          0.11336
       4         64.99529          0.20375


FINAL CLASS COUNTS AND PROPORTIONS FOR THE LATENT CLASSES
BASED ON ESTIMATED POSTERIOR PROBABILITIES

    Latent
   Classes

       1        208.53300          0.65371
       2          9.31141          0.02919
       3         36.16030          0.11336
       4         64.99529          0.20375


FINAL CLASS COUNTS AND PROPORTIONS FOR THE LATENT CLASSES
BASED ON THEIR MOST LIKELY LATENT CLASS MEMBERSHIP

Class Counts and Proportions

    Latent
   Classes

       1              263          0.82445
       2                9          0.02821
       3               35          0.10972
       4               12          0.03762


CLASSIFICATION QUALITY

     Entropy                         0.589


Average Latent Class Probabilities for Most Likely Latent Class Membership (Row)
by Latent Class (Column)

           1        2        3        4

    1   0.769    0.000    0.028    0.203
    2   0.004    0.781    0.144    0.072
    3   0.161    0.000    0.784    0.055
    4   0.055    0.190    0.013    0.742


Classification Probabilities for the Most Likely Latent Class Membership (Column)
by Latent Class (Row)

           1        2        3        4

    1   0.970    0.000    0.027    0.003
    2   0.000    0.755    0.000    0.245
    3   0.201    0.036    0.759    0.004
    4   0.823    0.010    0.030    0.137


Logits for the Classification Probabilities for the Most Likely Latent Class Membership (Column)
by Latent Class (Row)

              1        2        3        4

    1      5.727   -2.959    2.144    0.000
    2    -12.410    1.125  -12.410    0.000
    3      3.850    2.122    5.178    0.000
    4      1.793   -2.625   -1.523    0.000


MODEL RESULTS

                                                    Two-Tailed
                    Estimate       S.E.  Est./S.E.    P-Value

Latent Class 1

 Thresholds
    LIEEXAM$1          3.606      7.600      0.474      0.635
    LIEPAPER$1         3.727      9.794      0.381      0.704
    FRAUD$1            5.704     86.074      0.066      0.947
    COPYEXAM$1         1.845      5.104      0.361      0.718

Latent Class 2

 Thresholds
    LIEEXAM$1         -0.009      1.875     -0.005      0.996
    LIEPAPER$1        -0.030      2.148     -0.014      0.989
    FRAUD$1          -15.000      0.000    999.000    999.000
    COPYEXAM$1        -1.218     19.103     -0.064      0.949

Latent Class 3

 Thresholds
    LIEEXAM$1         -0.270     10.030     -0.027      0.979
    LIEPAPER$1        -1.115     27.369     -0.041      0.968
    FRAUD$1            3.178     22.964      0.138      0.890
    COPYEXAM$1         1.007      0.613      1.644      0.100

Latent Class 4

 Thresholds
    LIEEXAM$1          2.926     34.869      0.084      0.933
    LIEPAPER$1         4.023     75.781      0.053      0.958
    FRAUD$1            1.759     12.114      0.145      0.885
    COPYEXAM$1         0.624      5.703      0.109      0.913

Categorical Latent Variables

 Means
    C#1                1.166      0.000    999.000    999.000
    C#2               -1.943      9.397     -0.207      0.836
    C#3               -0.586     12.005     -0.049      0.961


QUALITY OF NUMERICAL RESULTS

     Condition Number for the Information Matrix              0.231E-08
       (ratio of smallest to largest eigenvalue)


RESULTS IN PROBABILITY SCALE

                                                    Two-Tailed
                    Estimate       S.E.  Est./S.E.    P-Value

Latent Class 1

 LIEEXAM
    Category 1         0.974      0.196      4.975      0.000
    Category 2         0.026      0.196      0.135      0.892
 LIEPAPER
    Category 1         0.976      0.225      4.344      0.000
    Category 2         0.024      0.225      0.105      0.917
 FRAUD
    Category 1         0.997      0.285      3.497      0.000
    Category 2         0.003      0.285      0.012      0.991
 COPYEXAM
    Category 1         0.864      0.601      1.436      0.151
    Category 2         0.136      0.601      0.227      0.821

Latent Class 2

 LIEEXAM
    Category 1         0.498      0.469      1.062      0.288
    Category 2         0.502      0.469      1.071      0.284
 LIEPAPER
    Category 1         0.492      0.537      0.917      0.359
    Category 2         0.508      0.537      0.945      0.344
 FRAUD
    Category 1         0.000      0.000      0.000      1.000
    Category 2         1.000      0.000      0.000      1.000
 COPYEXAM
    Category 1         0.228      3.365      0.068      0.946
    Category 2         0.772      3.365      0.229      0.819

Latent Class 3

 LIEEXAM
    Category 1         0.433      2.463      0.176      0.860
    Category 2         0.567      2.463      0.230      0.818
 LIEPAPER
    Category 1         0.247      5.090      0.049      0.961
    Category 2         0.753      5.090      0.148      0.882
 FRAUD
    Category 1         0.960      0.882      1.089      0.276
    Category 2         0.040      0.882      0.045      0.964
 COPYEXAM
    Category 1         0.732      0.120      6.100      0.000
    Category 2         0.268      0.120      2.228      0.026

Latent Class 4

 LIEEXAM
    Category 1         0.949      1.683      0.564      0.573
    Category 2         0.051      1.683      0.030      0.976
 LIEPAPER
    Category 1         0.982      1.309      0.750      0.453
    Category 2         0.018      1.309      0.013      0.989
 FRAUD
    Category 1         0.853      1.518      0.562      0.574
    Category 2         0.147      1.518      0.097      0.923
 COPYEXAM
    Category 1         0.651      1.296      0.502      0.615
    Category 2         0.349      1.296      0.269      0.788


LATENT CLASS INDICATOR ODDS RATIOS FOR THE LATENT CLASSES

                                                95% C.I.
                    Estimate       S.E.  Lower 2.5% Upper 2.5%

Latent Class 1 Compared to Latent Class 2

 LIEEXAM
    Category > 1       0.027      0.175      0.000   8821.016
 LIEPAPER
    Category > 1       0.023      0.196      0.000  *********
 FRAUD
    Category > 1       0.000      0.000      0.000  *********
 COPYEXAM
    Category > 1       0.047      0.658      0.000  *********

Latent Class 1 Compared to Latent Class 3

 LIEEXAM
    Category > 1       0.021      0.117      0.000   1287.674
 LIEPAPER
    Category > 1       0.008      0.162      0.000  *********
 FRAUD
    Category > 1       0.080      8.694      0.000  *********
 COPYEXAM
    Category > 1       0.433      2.297      0.000  14304.136

Latent Class 1 Compared to Latent Class 4

 LIEEXAM
    Category > 1       0.507     14.058      0.000  *********
 LIEPAPER
    Category > 1       1.345     89.669      0.000  *********
 FRAUD
    Category > 1       0.019      1.900      0.000  *********
 COPYEXAM
    Category > 1       0.295      3.181      0.000  *********

Latent Class 2 Compared to Latent Class 3

 LIEEXAM
    Category > 1       0.770      6.602      0.000  *********
 LIEPAPER
    Category > 1       0.338      8.617      0.000  *********
 FRAUD
    Category > 1   *********      0.000  *********  *********
 COPYEXAM
    Category > 1       9.258    178.710      0.000  *********

Latent Class 2 Compared to Latent Class 4

 LIEEXAM
    Category > 1      18.820    633.090      0.000  *********
 LIEPAPER
    Category > 1      57.588   4268.691      0.000  *********
 FRAUD
    Category > 1   *********      0.000  *********  *********
 COPYEXAM
    Category > 1       6.309    155.999      0.000  *********

Latent Class 3 Compared to Latent Class 4

 LIEEXAM
    Category > 1      24.434    648.277      0.000  *********
 LIEPAPER
    Category > 1     170.308   8974.892      0.000  *********
 FRAUD
    Category > 1       0.242      2.747      0.000  *********
 COPYEXAM
    Category > 1       0.681      3.787      0.000  36589.266


RESIDUAL OUTPUT


     RESIDUAL OUTPUT IS NOT AVAILABLE FOR THIS MODEL.  ADDITIONAL OUTPUT FOR
     CATEGORICAL, COUNT, AND NOMINAL VARIABLES MAY BE AVAILABLE USING TECH10.


TECHNICAL 11 OUTPUT

     Random Starts Specifications for the k-1 Class Analysis Model
        Number of initial stage random starts                 200
        Number of final stage optimizations                   100



     VUONG-LO-MENDELL-RUBIN LIKELIHOOD RATIO TEST FOR 3 (H0) VERSUS 4 CLASSES

          H0 Loglikelihood Value                         -436.236
          2 Times the Loglikelihood Difference              0.181
          Difference in the Number of Parameters                5
          Mean                                              1.333
          Standard Deviation                                2.466
          P-Value                                          0.6906

     LO-MENDELL-RUBIN ADJUSTED LRT TEST

          Value                                             0.175
          P-Value                                          0.6920


TECHNICAL 14 OUTPUT

     Random Starts Specifications for the k-1 Class Analysis Model
        Number of initial stage random starts                 200
        Number of final stage optimizations                   100

     Random Starts Specification for the k-1 Class Model for Generated Data
        Number of initial stage random starts                   0
        Number of final stage optimizations for the
           initial stage random starts                          0
     Random Starts Specification for the k Class Model for Generated Data
        Number of initial stage random starts                  40
        Number of final stage optimizations                     8
     Number of bootstrap draws requested                   Varies


     PARAMETRIC BOOTSTRAPPED LIKELIHOOD RATIO TEST FOR 3 (H0) VERSUS 4 CLASSES

          H0 Loglikelihood Value                         -436.236
          2 Times the Loglikelihood Difference              0.181
          Difference in the Number of Parameters                5
          Approximate P-Value                              1.0000
          Successful Bootstrap Draws                            2


PLOT INFORMATION

The following plots are available:

  Histograms (sample values)
  Scatterplots (sample values)
  Sample proportions and estimated probabilities

     Beginning Time:  16:39:04
        Ending Time:  16:39:19
       Elapsed Time:  00:00:15



MUTHEN & MUTHEN
3463 Stoner Ave.
Los Angeles, CA  90066

Tel: (310) 391-9971
Fax: (310) 391-8971
Web: www.StatModel.com
Support: Support@StatModel.com

Copyright (c) 1998-2022 Muthen & Muthen
