Mplus VERSION 8.8
MUTHEN & MUTHEN
02/06/2023   3:51 PM

INPUT INSTRUCTIONS

  TITLE:
  5-Class
  DATA:
  FILE = "C:/Users/Dina Arch/Box/TA - ED 201/Labs/ucsb-mixture-lab3/enum_mplus/cheat_Lab3.da

  VARIABLE:
  NAMES = lieexam liepaper fraud copyexam;
   MISSING=.;
   categorical = lieexam-copyexam;
  usevar = lieexam-copyexam;
  classes = c(5);
  ANALYSIS:
  estimator = mlr;
      type = mixture;
      starts = 200 100;
      stseed = 887676;
      processors = 10;
  OUTPUT:
  sampstat residual tech11 tech14;
  PLOT:
  type = plot3;
      series = lieexam-copyexam(*);



*** WARNING
  Input line exceeded 90 characters. Some input may be truncated.
  FILE = "C:/Users/Dina Arch/Box/TA - ED 201/Labs/ucsb-mixture-lab3/enum_mplus/cheat_Lab3.dat
*** WARNING in DATA command
  Statement not terminated by a semicolon:
  FILE = "C:/Users/Dina Arch/Box/TA - ED 201/Labs/ucsb-mixture-lab3/enum_mplus/cheat_Lab3.dat
*** WARNING in DATA command
  Mismatched quotation in FILE option.  A quotation mark will be assumed at
  the end of the line.
*** WARNING in OUTPUT command
  SAMPSTAT option is not available when all outcomes are censored, ordered
  categorical, unordered categorical (nominal), count or continuous-time
  survival variables.  Request for SAMPSTAT is ignored.
   4 WARNING(S) FOUND IN THE INPUT INSTRUCTIONS




5-Class

SUMMARY OF ANALYSIS

Number of groups                                                 1
Number of observations                                         319

Number of dependent variables                                    4
Number of independent variables                                  0
Number of continuous latent variables                            0
Number of categorical latent variables                           1

Observed dependent variables

  Binary and ordered categorical (ordinal)
   LIEEXAM     LIEPAPER    FRAUD       COPYEXAM

Categorical latent variables
   C


Estimator                                                      MLR
Information matrix                                        OBSERVED
Optimization Specifications for the Quasi-Newton Algorithm for
Continuous Outcomes
  Maximum number of iterations                                 100
  Convergence criterion                                  0.100D-05
Optimization Specifications for the EM Algorithm
  Maximum number of iterations                                 500
  Convergence criteria
    Loglikelihood change                                 0.100D-06
    Relative loglikelihood change                        0.100D-06
    Derivative                                           0.100D-05
Optimization Specifications for the M step of the EM Algorithm for
Categorical Latent variables
  Number of M step iterations                                    1
  M step convergence criterion                           0.100D-05
  Basis for M step termination                           ITERATION
Optimization Specifications for the M step of the EM Algorithm for
Censored, Binary or Ordered Categorical (Ordinal), Unordered
Categorical (Nominal) and Count Outcomes
  Number of M step iterations                                    1
  M step convergence criterion                           0.100D-05
  Basis for M step termination                           ITERATION
  Maximum value for logit thresholds                            15
  Minimum value for logit thresholds                           -15
  Minimum expected cell size for chi-square              0.100D-01
Maximum number of iterations for H1                           2000
Convergence criterion for H1                             0.100D-03
Optimization algorithm                                         EMA
Random Starts Specifications
  Number of initial stage random starts                        200
  Number of final stage optimizations                          100
  Number of initial stage iterations                            10
  Initial stage convergence criterion                    0.100D+01
  Random starts scale                                    0.500D+01
  Random seed for generating random starts                  887676
Link                                                         LOGIT

Input data file(s)
  C:/Users/Dina Arch/Box/TA - ED 201/Labs/ucsb-mixture-lab3/enum_mplus/cheat_Lab
Input data format  FREE


SUMMARY OF DATA

     Number of missing data patterns             1
     Number of y missing data patterns           0
     Number of u missing data patterns           1


COVARIANCE COVERAGE OF DATA

Minimum covariance coverage value   0.100


UNIVARIATE PROPORTIONS AND COUNTS FOR CATEGORICAL VARIABLES

    LIEEXAM
      Category 1    0.893          285.000
      Category 2    0.107           34.000
    LIEPAPER
      Category 1    0.881          281.000
      Category 2    0.119           38.000
    FRAUD
      Category 1    0.934          298.000
      Category 2    0.066           21.000
    COPYEXAM
      Category 1    0.787          251.000
      Category 2    0.213           68.000


RANDOM STARTS RESULTS RANKED FROM THE BEST TO THE WORST LOGLIKELIHOOD VALUES

Final stage loglikelihood values at local maxima, seeds, and initial stage start numbers:

            -436.145  999066           124
            -436.145  679994           73
            -436.145  583504           18
            -436.145  254453           170
            -436.145  35606            61
            -436.145  665244           3
            -436.145  661379           128
            -436.145  272736           136
            -436.145  276441           77
            -436.145  390294           39
            -436.145  21124            32
            -436.145  553820           84
            -436.145  95035            190
            -436.145  44340            55
            -436.145  917351           133
            -436.145  472070           70
            -436.145  268896           4
            -436.145  313198           6
            -436.145  65132            132
            -436.145  340304           168
            -436.145  271184           137
            -436.145  521614           7
            -436.145  319098           68
            -436.145  811391           60
            -436.145  639361           171
            -436.145  406058           96
            -436.145  943980           108
            -436.145  190167           184
            -436.145  801672           99
            -436.145  699537           23
            -436.145  734722           71
            -436.145  574496           38
            -436.145  954000           97
            -436.145  162016           113
            -436.145  493704           165
            -436.145  443762           44
            -436.145  472212           11
            -436.145  528592           159
            -436.145  493685           112
            -436.145  120210           181
            -436.145  438389           167
            -436.145  888491           139
            -436.145  689880           56
            -436.145  635916           29
            -436.145  689606           85
            -436.145  321046           17
            -436.145  667872           123
            -436.145  509104           8
            -436.145  542970           104
            -436.145  942946           143
            -436.146  620867           51
            -436.148  795149           20

48 perturbed starting value run(s) did not converge or were rejected in the third stage.



THE BEST LOGLIKELIHOOD VALUE HAS BEEN REPLICATED.  RERUN WITH AT LEAST TWICE THE
RANDOM STARTS TO CHECK THAT THE BEST LOGLIKELIHOOD IS STILL OBTAINED AND REPLICATED.

     THE STANDARD ERRORS OF THE MODEL PARAMETER ESTIMATES MAY NOT BE
     TRUSTWORTHY FOR SOME PARAMETERS DUE TO A NON-POSITIVE DEFINITE
     FIRST-ORDER DERIVATIVE PRODUCT MATRIX.  THIS MAY BE DUE TO THE STARTING
     VALUES BUT MAY ALSO BE AN INDICATION OF MODEL NONIDENTIFICATION.  THE
     CONDITION NUMBER IS      -0.118D-17.  PROBLEM INVOLVING THE FOLLOWING PARAMETER:
     Parameter 16, %C#4%: [ COPYEXAM$1 ]

     ONE OR MORE PARAMETERS WERE FIXED TO AVOID SINGULARITY OF THE
     INFORMATION MATRIX. THE SINGULARITY IS MOST LIKELY BECAUSE THE
     MODEL IS NOT IDENTIFIED, OR BECAUSE OF EMPTY CELLS IN THE JOINT
     DISTRIBUTION OF THE CATEGORICAL VARIABLES IN THE MODEL.
     THE FOLLOWING PARAMETERS WERE FIXED:
     Parameter 17, %C#5%: [ LIEEXAM$1 ]
     Parameter 18, %C#5%: [ LIEPAPER$1 ]
     Parameter 19, %C#5%: [ FRAUD$1 ]
     Parameter 20, %C#5%: [ COPYEXAM$1 ]
     Parameter 21, [ C#1 ]
     Parameter 22, [ C#2 ]
     Parameter 23, [ C#3 ]
     Parameter 24, [ C#4 ]


THE MODEL ESTIMATION TERMINATED NORMALLY

     THE DEGREES OF FREEDOM FOR THIS MODEL ARE NEGATIVE.  THE MODEL IS NOT
     IDENTIFIED OR TOO MANY CELLS WERE DELETED.  A CHI-SQUARE TEST IS NOT
     AVAILABLE.



MODEL FIT INFORMATION

Number of Free Parameters                       24

Loglikelihood

          H0 Value                        -436.145
          H0 Scaling Correction Factor      0.6253
            for MLR

Information Criteria

          Akaike (AIC)                     920.290
          Bayesian (BIC)                  1010.655
          Sample-Size Adjusted BIC         934.531
            (n* = (n + 2) / 24)



FINAL CLASS COUNTS AND PROPORTIONS FOR THE LATENT CLASSES
BASED ON THE ESTIMATED MODEL

    Latent
   Classes

       1         11.36074          0.03561
       2          4.72317          0.01481
       3        230.63441          0.72299
       4         51.21576          0.16055
       5         21.06591          0.06604


FINAL CLASS COUNTS AND PROPORTIONS FOR THE LATENT CLASSES
BASED ON ESTIMATED POSTERIOR PROBABILITIES

    Latent
   Classes

       1         11.36074          0.03561
       2          4.72317          0.01481
       3        230.63441          0.72299
       4         51.21576          0.16055
       5         21.06591          0.06604


FINAL CLASS COUNTS AND PROPORTIONS FOR THE LATENT CLASSES
BASED ON THEIR MOST LIKELY LATENT CLASS MEMBERSHIP

Class Counts and Proportions

    Latent
   Classes

       1               11          0.03448
       2                2          0.00627
       3              237          0.74295
       4               50          0.15674
       5               19          0.05956


CLASSIFICATION QUALITY

     Entropy                         0.723


Average Latent Class Probabilities for Most Likely Latent Class Membership (Row)
by Latent Class (Column)

           1        2        3        4        5

    1   0.500    0.239    0.073    0.157    0.030
    2   0.175    0.715    0.000    0.002    0.108
    3   0.011    0.000    0.904    0.066    0.018
    4   0.036    0.003    0.297    0.657    0.007
    5   0.051    0.022    0.043    0.050    0.834


Classification Probabilities for the Most Likely Latent Class Membership (Column)
by Latent Class (Row)

           1        2        3        4        5

    1   0.484    0.031    0.239    0.160    0.085
    2   0.556    0.303    0.020    0.033    0.089
    3   0.004    0.000    0.929    0.064    0.004
    4   0.034    0.000    0.307    0.641    0.018
    5   0.016    0.010    0.205    0.016    0.752


Logits for the Classification Probabilities for the Most Likely Latent Class Membership (Column)
by Latent Class (Row)

              1        2        3        4        5

    1      1.735   -1.019    1.029    0.629    0.000
    2      1.836    1.227   -1.508   -0.997    0.000
    3     -0.011   -7.173    5.569    2.899    0.000
    4      0.601   -5.680    2.809    3.546    0.000
    5     -3.856   -4.291   -1.299   -3.823    0.000


MODEL RESULTS

                                                    Two-Tailed
                    Estimate       S.E.  Est./S.E.    P-Value

Latent Class 1

 Thresholds
    LIEEXAM$1          0.995     14.604      0.068      0.946
    LIEPAPER$1         0.992     13.314      0.074      0.941
    FRAUD$1           -0.654     36.052     -0.018      0.986
    COPYEXAM$1        -0.583     10.946     -0.053      0.958

Latent Class 2

 Thresholds
    LIEEXAM$1         -0.461      8.631     -0.053      0.957
    LIEPAPER$1        -0.424      9.492     -0.045      0.964
    FRAUD$1           -2.266     45.026     -0.050      0.960
    COPYEXAM$1        -2.205     19.237     -0.115      0.909

Latent Class 3

 Thresholds
    LIEEXAM$1          3.460      1.262      2.742      0.006
    LIEPAPER$1         2.872      0.509      5.645      0.000
    FRAUD$1            3.686      1.777      2.075      0.038
    COPYEXAM$1         2.617     20.970      0.125      0.901

Latent Class 4

 Thresholds
    LIEEXAM$1          3.579      9.812      0.365      0.715
    LIEPAPER$1         2.561      6.075      0.422      0.673
    FRAUD$1            3.012     29.430      0.102      0.918
    COPYEXAM$1        -0.807     29.774     -0.027      0.978

Latent Class 5

 Thresholds
    LIEEXAM$1         -2.608      0.000    999.000    999.000
    LIEPAPER$1        -1.162      0.000    999.000    999.000
    FRAUD$1            2.804      0.000    999.000    999.000
    COPYEXAM$1         1.077      0.000    999.000    999.000

Categorical Latent Variables

 Means
    C#1               -0.617      0.000    999.000    999.000
    C#2               -1.495      0.000    999.000    999.000
    C#3                2.393      0.000    999.000    999.000
    C#4                0.888      0.000    999.000    999.000


QUALITY OF NUMERICAL RESULTS

     Condition Number for the Information Matrix              0.879E-07
       (ratio of smallest to largest eigenvalue)


RESULTS IN PROBABILITY SCALE

                                                    Two-Tailed
                    Estimate       S.E.  Est./S.E.    P-Value

Latent Class 1

 LIEEXAM
    Category 1         0.730      2.878      0.254      0.800
    Category 2         0.270      2.878      0.094      0.925
 LIEPAPER
    Category 1         0.729      2.628      0.278      0.781
    Category 2         0.271      2.628      0.103      0.918
 FRAUD
    Category 1         0.342      8.115      0.042      0.966
    Category 2         0.658      8.115      0.081      0.935
 COPYEXAM
    Category 1         0.358      2.517      0.142      0.887
    Category 2         0.642      2.517      0.255      0.799

Latent Class 2

 LIEEXAM
    Category 1         0.387      2.047      0.189      0.850
    Category 2         0.613      2.047      0.300      0.764
 LIEPAPER
    Category 1         0.396      2.269      0.174      0.862
    Category 2         0.604      2.269      0.266      0.790
 FRAUD
    Category 1         0.094      3.833      0.025      0.980
    Category 2         0.906      3.833      0.236      0.813
 COPYEXAM
    Category 1         0.099      1.720      0.058      0.954
    Category 2         0.901      1.720      0.524      0.601

Latent Class 3

 LIEEXAM
    Category 1         0.970      0.037     26.008      0.000
    Category 2         0.030      0.037      0.817      0.414
 LIEPAPER
    Category 1         0.946      0.026     36.696      0.000
    Category 2         0.054      0.026      2.077      0.038
 FRAUD
    Category 1         0.976      0.042     23.007      0.000
    Category 2         0.024      0.042      0.577      0.564
 COPYEXAM
    Category 1         0.932      1.330      0.701      0.483
    Category 2         0.068      1.330      0.051      0.959

Latent Class 4

 LIEEXAM
    Category 1         0.973      0.259      3.755      0.000
    Category 2         0.027      0.259      0.105      0.917
 LIEPAPER
    Category 1         0.928      0.404      2.295      0.022
    Category 2         0.072      0.404      0.177      0.859
 FRAUD
    Category 1         0.953      1.315      0.725      0.469
    Category 2         0.047      1.315      0.036      0.972
 COPYEXAM
    Category 1         0.309      6.353      0.049      0.961
    Category 2         0.691      6.353      0.109      0.913

Latent Class 5

 LIEEXAM
    Category 1         0.069      0.000      0.000      1.000
    Category 2         0.931      0.000      0.000      1.000
 LIEPAPER
    Category 1         0.238      0.000      0.000      1.000
    Category 2         0.762      0.000      0.000      1.000
 FRAUD
    Category 1         0.943      0.000      0.000      1.000
    Category 2         0.057      0.000      0.000      1.000
 COPYEXAM
    Category 1         0.746      0.000      0.000      1.000
    Category 2         0.254      0.000      0.000      1.000


LATENT CLASS INDICATOR ODDS RATIOS FOR THE LATENT CLASSES

                                                95% C.I.
                    Estimate       S.E.  Lower 2.5% Upper 2.5%

Latent Class 1 Compared to Latent Class 2

 LIEEXAM
    Category > 1       0.233      5.369      0.000  *********
 LIEPAPER
    Category > 1       0.243      5.495      0.000  *********
 FRAUD
    Category > 1       0.199     16.018      0.000  *********
 COPYEXAM
    Category > 1       0.197      5.898      0.000  *********

Latent Class 1 Compared to Latent Class 3

 LIEEXAM
    Category > 1      11.767    185.038      0.000  *********
 LIEPAPER
    Category > 1       6.554     85.154      0.000  *********
 FRAUD
    Category > 1      76.664   2869.299      0.000  *********
 COPYEXAM
    Category > 1      24.525    285.455      0.000  *********

Latent Class 1 Compared to Latent Class 4

 LIEEXAM
    Category > 1      13.254    321.280      0.000  *********
 LIEPAPER
    Category > 1       4.801     92.685      0.000  *********
 FRAUD
    Category > 1      39.077   2555.561      0.000  *********
 COPYEXAM
    Category > 1       0.799     32.105      0.000  *********

Latent Class 1 Compared to Latent Class 5

 LIEEXAM
    Category > 1       0.027      0.398      0.000  *********
 LIEPAPER
    Category > 1       0.116      1.546      0.000  *********
 FRAUD
    Category > 1      31.728   1143.879      0.000  *********
 COPYEXAM
    Category > 1       5.259     57.563      0.000  *********

Latent Class 2 Compared to Latent Class 3

 LIEEXAM
    Category > 1      50.472    381.878      0.000  *********
 LIEPAPER
    Category > 1      27.007    264.607      0.000  *********
 FRAUD
    Category > 1     384.490  16845.420      0.000  *********
 COPYEXAM
    Category > 1     124.251   4832.933      0.000  *********

Latent Class 2 Compared to Latent Class 4

 LIEEXAM
    Category > 1      56.849    229.213      0.021  *********
 LIEPAPER
    Category > 1      19.782     86.303      0.004  *********
 FRAUD
    Category > 1     195.981   3838.474      0.000  *********
 COPYEXAM
    Category > 1       4.049     63.904      0.000  *********

Latent Class 2 Compared to Latent Class 5

 LIEEXAM
    Category > 1       0.117      1.009      0.000  *********
 LIEPAPER
    Category > 1       0.478      4.541      0.000  *********
 FRAUD
    Category > 1     159.126   7164.736      0.000  *********
 COPYEXAM
    Category > 1      26.642    512.513      0.000  *********

Latent Class 3 Compared to Latent Class 4

 LIEEXAM
    Category > 1       1.126      9.938      0.000  *********
 LIEPAPER
    Category > 1       0.732      4.720      0.000  *********
 FRAUD
    Category > 1       0.510     14.360      0.000  *********
 COPYEXAM
    Category > 1       0.033      1.653      0.000  *********

Latent Class 3 Compared to Latent Class 5

 LIEEXAM
    Category > 1       0.002      0.003      0.000      0.027
 LIEPAPER
    Category > 1       0.018      0.009      0.007      0.048
 FRAUD
    Category > 1       0.414      0.735      0.013     13.465
 COPYEXAM
    Category > 1       0.214      4.496      0.000  *********

Latent Class 4 Compared to Latent Class 5

 LIEEXAM
    Category > 1       0.002      0.020      0.000  *********
 LIEPAPER
    Category > 1       0.024      0.147      0.000   3583.230
 FRAUD
    Category > 1       0.812     23.896      0.000  *********
 COPYEXAM
    Category > 1       6.580    195.916      0.000  *********


RESIDUAL OUTPUT


     RESIDUAL OUTPUT IS NOT AVAILABLE FOR THIS MODEL.  ADDITIONAL OUTPUT FOR
     CATEGORICAL, COUNT, AND NOMINAL VARIABLES MAY BE AVAILABLE USING TECH10.


TECHNICAL 11 OUTPUT

     Random Starts Specifications for the k-1 Class Analysis Model
        Number of initial stage random starts                 200
        Number of final stage optimizations                   100



     VUONG-LO-MENDELL-RUBIN LIKELIHOOD RATIO TEST FOR 4 (H0) VERSUS 5 CLASSES

          H0 Loglikelihood Value                         -436.145
          2 Times the Loglikelihood Difference              0.000
          Difference in the Number of Parameters                5
          Mean                                              0.011
          Standard Deviation                                0.024
          P-Value                                          0.6226

     LO-MENDELL-RUBIN ADJUSTED LRT TEST

          Value                                             0.000
          P-Value                                          0.6226


TECHNICAL 14 OUTPUT

     Random Starts Specifications for the k-1 Class Analysis Model
        Number of initial stage random starts                 200
        Number of final stage optimizations                   100

     Random Starts Specification for the k-1 Class Model for Generated Data
        Number of initial stage random starts                   0
        Number of final stage optimizations for the
           initial stage random starts                          0
     Random Starts Specification for the k Class Model for Generated Data
        Number of initial stage random starts                  40
        Number of final stage optimizations                     8
     Number of bootstrap draws requested                   Varies


     PARAMETRIC BOOTSTRAPPED LIKELIHOOD RATIO TEST FOR 4 (H0) VERSUS 5 CLASSES

          H0 Loglikelihood Value                         -436.145
          2 Times the Loglikelihood Difference              0.000
          Difference in the Number of Parameters                5
          Approximate P-Value                              1.0000
          Successful Bootstrap Draws                            2


PLOT INFORMATION

The following plots are available:

  Histograms (sample values)
  Scatterplots (sample values)
  Sample proportions and estimated probabilities

     Beginning Time:  15:51:14
        Ending Time:  15:51:26
       Elapsed Time:  00:00:12



MUTHEN & MUTHEN
3463 Stoner Ave.
Los Angeles, CA  90066

Tel: (310) 391-9971
Fax: (310) 391-8971
Web: www.StatModel.com
Support: Support@StatModel.com

Copyright (c) 1998-2022 Muthen & Muthen
