Mplus VERSION 8.11
MUTHEN & MUTHEN
10/15/2024   2:11 PM

INPUT INSTRUCTIONS

  TITLE:
  6-Class
  DATA:
  FILE = "C:/Users/dnajiarch/Box/TA - ED 201/Labs/ucsb-mixture-lab3/
  enum_mplus/cheat_Lab3.dat";
  VARIABLE:
  NAMES = lieexam liepaper fraud copyexam;
   MISSING=.;
   categorical = lieexam-copyexam;
  usevar = lieexam-copyexam;
  classes = c(6);
  ANALYSIS:
  estimator = mlr;
      type = mixture;
      starts = 200 100;
      processors = 10;
  OUTPUT:
  sampstat residual tech11 tech14 svalues;
  PLOT:
  type = plot3;
      series = lieexam-copyexam(*);



*** WARNING in OUTPUT command
  SAMPSTAT option is not available when all outcomes are censored, ordered
  categorical, unordered categorical (nominal), count or continuous-time
  survival variables.  Request for SAMPSTAT is ignored.
   1 WARNING(S) FOUND IN THE INPUT INSTRUCTIONS




6-Class

SUMMARY OF ANALYSIS

Number of groups                                                 1
Number of observations                                         319

Number of dependent variables                                    4
Number of independent variables                                  0
Number of continuous latent variables                            0
Number of categorical latent variables                           1

Observed dependent variables

  Binary and ordered categorical (ordinal)
   LIEEXAM     LIEPAPER    FRAUD       COPYEXAM

Categorical latent variables
   C


Estimator                                                      MLR
Information matrix                                        OBSERVED
Optimization Specifications for the Quasi-Newton Algorithm for
Continuous Outcomes
  Maximum number of iterations                                 100
  Convergence criterion                                  0.100D-05
Optimization Specifications for the EM Algorithm
  Maximum number of iterations                                 500
  Convergence criteria
    Loglikelihood change                                 0.100D-06
    Relative loglikelihood change                        0.100D-06
    Derivative                                           0.100D-05
Optimization Specifications for the M step of the EM Algorithm for
Categorical Latent variables
  Number of M step iterations                                    1
  M step convergence criterion                           0.100D-05
  Basis for M step termination                           ITERATION
Optimization Specifications for the M step of the EM Algorithm for
Censored, Binary or Ordered Categorical (Ordinal), Unordered
Categorical (Nominal) and Count Outcomes
  Number of M step iterations                                    1
  M step convergence criterion                           0.100D-05
  Basis for M step termination                           ITERATION
  Maximum value for logit thresholds                            15
  Minimum value for logit thresholds                           -15
  Minimum expected cell size for chi-square              0.100D-01
Maximum number of iterations for H1                           2000
Convergence criterion for H1                             0.100D-03
Optimization algorithm                                         EMA
Random Starts Specifications
  Number of initial stage random starts                        200
  Number of final stage optimizations                          100
  Number of initial stage iterations                            10
  Initial stage convergence criterion                    0.100D+01
  Random starts scale                                    0.500D+01
  Random seed for generating random starts                       0
Link                                                         LOGIT

Input data file(s)
  C:/Users/dnajiarch/Box/TA - ED 201/Labs/ucsb-mixture-lab3/enum_mplus/cheat_Lab
Input data format  FREE


SUMMARY OF DATA

     Number of missing data patterns             1
     Number of y missing data patterns           0
     Number of u missing data patterns           1


COVARIANCE COVERAGE OF DATA

Minimum covariance coverage value   0.100


UNIVARIATE PROPORTIONS AND COUNTS FOR CATEGORICAL VARIABLES

    LIEEXAM
      Category 1    0.893          285.000
      Category 2    0.107           34.000
    LIEPAPER
      Category 1    0.881          281.000
      Category 2    0.119           38.000
    FRAUD
      Category 1    0.934          298.000
      Category 2    0.066           21.000
    COPYEXAM
      Category 1    0.787          251.000
      Category 2    0.213           68.000


RANDOM STARTS RESULTS RANKED FROM THE BEST TO THE WORST LOGLIKELIHOOD VALUES

Final stage loglikelihood values at local maxima, seeds, and initial stage start numbers:

            -436.145  458181           189
            -436.145  608496           4
            -436.145  68985            17
            -436.145  127215           9
            -436.145  264081           186
            -436.145  12477            155
            -436.145  476498           179
            -436.145  100874           108
            -436.145  354208           196
            -436.145  966014           37
            -436.145  814975           129
            -436.145  107446           12
            -436.145  903420           5
            -436.145  297518           166
            -436.145  950604           172
            -436.145  928287           197
            -436.145  533738           11
            -436.145  967902           52
            -436.145  654136           167
            -436.145  569833           85
            -436.145  645664           39
            -436.145  535804           111
            -436.145  247224           94
            -436.145  783110           72
            -436.145  292884           103
            -436.145  414284           158
            -436.145  570908           98
            -436.145  570782           193
            -436.145  136842           58
            -436.145  960438           116
            -436.145  150531           154
            -436.145  131856           90
            -436.145  340112           126
            -436.145  526324           178
            -436.145  284109           82
            -436.145  152496           123
            -436.145  788796           145
            -436.145  70118            104
            -436.145  407168           44
            -436.145  957392           79
            -436.145  751054           117
            -436.145  784664           75
            -436.145  285380           1
            -436.145  481835           57
            -436.145  341041           34
            -436.145  813779           92
            -436.145  603842           61
            -436.145  860772           174
            -436.145  153942           31
            -436.145  76337            76
            -436.145  268896           124
            -436.145  931874           141
            -436.145  46437            153
            -436.145  232559           136
            -436.145  392418           28
            -436.145  903369           134
            -436.145  606576           151
            -436.145  314084           81
            -436.145  383986           159
            -436.145  313407           132
            -436.145  190339           102
            -436.145  207896           25
            -436.145  618000           190
            -436.145  93468            3
            -436.145  263268           165
            -436.145  437181           135
            -436.145  565819           65
            -436.145  253358           2
            -436.145  27071            15

31 perturbed starting value run(s) did not converge or were rejected in the third stage.



THE BEST LOGLIKELIHOOD VALUE HAS BEEN REPLICATED.  RERUN WITH AT LEAST TWICE THE
RANDOM STARTS TO CHECK THAT THE BEST LOGLIKELIHOOD IS STILL OBTAINED AND REPLICATED.

     ONE OR MORE PARAMETERS WERE FIXED TO AVOID SINGULARITY OF THE
     INFORMATION MATRIX. THE SINGULARITY IS MOST LIKELY BECAUSE THE
     MODEL IS NOT IDENTIFIED, OR BECAUSE OF EMPTY CELLS IN THE JOINT
     DISTRIBUTION OF THE CATEGORICAL VARIABLES IN THE MODEL.
     THE FOLLOWING PARAMETERS WERE FIXED:
     Parameter 16, %C#4%: [ COPYEXAM$1 ]
     Parameter 17, %C#5%: [ LIEEXAM$1 ]
     Parameter 18, %C#5%: [ LIEPAPER$1 ]
     Parameter 19, %C#5%: [ FRAUD$1 ]
     Parameter 20, %C#5%: [ COPYEXAM$1 ]
     Parameter 21, %C#6%: [ LIEEXAM$1 ]
     Parameter 23, %C#6%: [ FRAUD$1 ]
     Parameter 24, %C#6%: [ COPYEXAM$1 ]
     Parameter 25, [ C#1 ]
     Parameter 26, [ C#2 ]
     Parameter 27, [ C#3 ]
     Parameter 28, [ C#4 ]
     Parameter 29, [ C#5 ]
     Parameter 22, %C#6%: [ LIEPAPER$1 ]


THE MODEL ESTIMATION TERMINATED NORMALLY

     THE DEGREES OF FREEDOM FOR THIS MODEL ARE NEGATIVE.  THE MODEL IS NOT
     IDENTIFIED OR TOO MANY CELLS WERE DELETED.  A CHI-SQUARE TEST IS NOT
     AVAILABLE.



MODEL FIT INFORMATION

Number of Free Parameters                       29

Loglikelihood

          H0 Value                        -436.145
          H0 Scaling Correction Factor      0.5172
            for MLR

Information Criteria

          Akaike (AIC)                     930.290
          Bayesian (BIC)                  1039.481
          Sample-Size Adjusted BIC         947.498
            (n* = (n + 2) / 24)



FINAL CLASS COUNTS AND PROPORTIONS FOR THE LATENT CLASSES
BASED ON THE ESTIMATED MODEL

    Latent
   Classes

       1         16.13271          0.05057
       2         13.48431          0.04227
       3         81.71834          0.25617
       4         16.22526          0.05086
       5          7.75207          0.02430
       6        183.68730          0.57582


FINAL CLASS COUNTS AND PROPORTIONS FOR THE LATENT CLASSES
BASED ON ESTIMATED POSTERIOR PROBABILITIES

    Latent
   Classes

       1         16.13271          0.05057
       2         13.48431          0.04227
       3         81.71834          0.25617
       4         16.22526          0.05086
       5          7.75207          0.02430
       6        183.68730          0.57582


FINAL CLASS COUNTS AND PROPORTIONS FOR THE LATENT CLASSES
BASED ON THEIR MOST LIKELY LATENT CLASS MEMBERSHIP

Class Counts and Proportions

    Latent
   Classes

       1               15          0.04702
       2                9          0.02821
       3               55          0.17241
       4                0          0.00000
       5               13          0.04075
       6              227          0.71160


CLASSIFICATION QUALITY

     Entropy                         0.622


Average Latent Class Probabilities for Most Likely Latent Class Membership (Row)
by Latent Class (Column)

           1        2        3        4        5        6

    1   0.915    0.063    0.005    0.012    0.001    0.004
    2   0.060    0.822    0.055    0.037    0.003    0.023
    3   0.002    0.057    0.826    0.005    0.008    0.101
    4   0.000    0.000    0.000    0.000    0.000    0.000
    5   0.111    0.074    0.082    0.223    0.432    0.077
    6   0.001    0.005    0.153    0.055    0.007    0.779


Classification Probabilities for the Most Likely Latent Class Membership (Column)
by Latent Class (Row)

           1        2        3        4        5        6

    1   0.851    0.034    0.006    0.000    0.090    0.020
    2   0.070    0.548    0.234    0.000    0.072    0.076
    3   0.001    0.006    0.556    0.000    0.013    0.424
    4   0.011    0.021    0.018    0.000    0.179    0.772
    5   0.002    0.004    0.059    0.000    0.725    0.210
    6   0.000    0.001    0.030    0.000    0.005    0.963


Logits for the Classification Probabilities for the Most Likely Latent Class Membership (Column)
by Latent Class (Row)

              1        2        3        4        5        6

    1      3.753    0.520   -1.176   -9.901    1.503    0.000
    2     -0.086    1.972    1.119  -11.243   -0.063    0.000
    3     -6.083   -4.256    0.272  -12.957   -3.482    0.000
    4     -4.242   -3.616   -3.784  -13.556   -1.462    0.000
    5     -4.697   -3.963   -1.271  -12.256    1.238    0.000
    6     -8.017   -6.757   -3.459  -13.778   -5.176    0.000


MODEL RESULTS

                                                    Two-Tailed
                    Estimate       S.E.  Est./S.E.    P-Value

Latent Class 1

 Thresholds
    LIEEXAM$1         -3.588     64.278     -0.056      0.955
    LIEPAPER$1        -2.250     19.059     -0.118      0.906
    FRAUD$1            3.358      5.465      0.614      0.539
    COPYEXAM$1         1.176      0.873      1.347      0.178

Latent Class 2

 Thresholds
    LIEEXAM$1         -0.067      1.392     -0.048      0.962
    LIEPAPER$1         0.023      1.287      0.018      0.986
    FRAUD$1           -0.973      2.009     -0.484      0.628
    COPYEXAM$1        -1.119      2.326     -0.481      0.631

Latent Class 3

 Thresholds
    LIEEXAM$1          4.179     11.712      0.357      0.721
    LIEPAPER$1         2.601      2.019      1.288      0.198
    FRAUD$1            2.552      1.279      1.995      0.046
    COPYEXAM$1        -0.272      0.445     -0.611      0.541

Latent Class 4

 Thresholds
    LIEEXAM$1          1.343      5.282      0.254      0.799
    LIEPAPER$1         2.781     22.048      0.126      0.900
    FRAUD$1            2.416      4.929      0.490      0.624
    COPYEXAM$1         3.784      0.000    999.000    999.000

Latent Class 5

 Thresholds
    LIEEXAM$1         -0.999      0.000    999.000    999.000
    LIEPAPER$1         5.935      0.000    999.000    999.000
    FRAUD$1            5.205      0.000    999.000    999.000
    COPYEXAM$1         1.271      0.000    999.000    999.000

Latent Class 6

 Thresholds
    LIEEXAM$1          5.132      0.000    999.000    999.000
    LIEPAPER$1         2.841      0.000    999.000    999.000
    FRAUD$1            3.974      0.000    999.000    999.000
    COPYEXAM$1         3.459      0.000    999.000    999.000

Categorical Latent Variables

 Means
    C#1               -2.432      0.000    999.000    999.000
    C#2               -2.612      0.000    999.000    999.000
    C#3               -0.810      0.000    999.000    999.000
    C#4               -2.427      0.000    999.000    999.000
    C#5               -3.165      0.000    999.000    999.000


QUALITY OF NUMERICAL RESULTS

     Condition Number for the Information Matrix              0.217E-04
       (ratio of smallest to largest eigenvalue)


RESULTS IN PROBABILITY SCALE

                                                    Two-Tailed
                    Estimate       S.E.  Est./S.E.    P-Value

Latent Class 1

 LIEEXAM
    Category 1         0.027      1.683      0.016      0.987
    Category 2         0.973      1.683      0.578      0.563
 LIEPAPER
    Category 1         0.095      1.644      0.058      0.954
    Category 2         0.905      1.644      0.550      0.582
 FRAUD
    Category 1         0.966      0.178      5.441      0.000
    Category 2         0.034      0.178      0.189      0.850
 COPYEXAM
    Category 1         0.764      0.157      4.858      0.000
    Category 2         0.236      0.157      1.498      0.134

Latent Class 2

 LIEEXAM
    Category 1         0.483      0.347      1.391      0.164
    Category 2         0.517      0.347      1.487      0.137
 LIEPAPER
    Category 1         0.506      0.322      1.572      0.116
    Category 2         0.494      0.322      1.536      0.125
 FRAUD
    Category 1         0.274      0.400      0.686      0.493
    Category 2         0.726      0.400      1.815      0.069
 COPYEXAM
    Category 1         0.246      0.432      0.570      0.568
    Category 2         0.754      0.432      1.746      0.081

Latent Class 3

 LIEEXAM
    Category 1         0.985      0.174      5.660      0.000
    Category 2         0.015      0.174      0.087      0.931
 LIEPAPER
    Category 1         0.931      0.130      7.170      0.000
    Category 2         0.069      0.130      0.532      0.595
 FRAUD
    Category 1         0.928      0.086     10.810      0.000
    Category 2         0.072      0.086      0.843      0.399
 COPYEXAM
    Category 1         0.433      0.109      3.962      0.000
    Category 2         0.567      0.109      5.198      0.000

Latent Class 4

 LIEEXAM
    Category 1         0.793      0.867      0.915      0.360
    Category 2         0.207      0.867      0.239      0.811
 LIEPAPER
    Category 1         0.942      1.212      0.777      0.437
    Category 2         0.058      1.212      0.048      0.962
 FRAUD
    Category 1         0.918      0.371      2.476      0.013
    Category 2         0.082      0.371      0.221      0.825
 COPYEXAM
    Category 1         0.978      0.000      0.000      1.000
    Category 2         0.022      0.000      0.000      1.000

Latent Class 5

 LIEEXAM
    Category 1         0.269      0.000      0.000      1.000
    Category 2         0.731      0.000      0.000      1.000
 LIEPAPER
    Category 1         0.997      0.000      0.000      1.000
    Category 2         0.003      0.000      0.000      1.000
 FRAUD
    Category 1         0.995      0.000      0.000      1.000
    Category 2         0.005      0.000      0.000      1.000
 COPYEXAM
    Category 1         0.781      0.000      0.000      1.000
    Category 2         0.219      0.000      0.000      1.000

Latent Class 6

 LIEEXAM
    Category 1         0.994      0.000      0.000      1.000
    Category 2         0.006      0.000      0.000      1.000
 LIEPAPER
    Category 1         0.945      0.000      0.000      1.000
    Category 2         0.055      0.000      0.000      1.000
 FRAUD
    Category 1         0.982      0.000      0.000      1.000
    Category 2         0.018      0.000      0.000      1.000
 COPYEXAM
    Category 1         0.970      0.000      0.000      1.000
    Category 2         0.030      0.000      0.000      1.000


LATENT CLASS INDICATOR ODDS RATIOS FOR THE LATENT CLASSES

                                                95% C.I.
                    Estimate       S.E.  Lower 2.5% Upper 2.5%

Latent Class 1 Compared to Latent Class 2

 LIEEXAM
    Category > 1      33.815   2176.946      0.000  *********
 LIEPAPER
    Category > 1       9.709    179.778      0.000  *********
 FRAUD
    Category > 1       0.013      0.087      0.000   5310.419
 COPYEXAM
    Category > 1       0.101      0.247      0.001     12.340

Latent Class 1 Compared to Latent Class 3

 LIEEXAM
    Category > 1    2360.257  *********      0.000  *********
 LIEPAPER
    Category > 1     127.820   2669.946      0.000  *********
 FRAUD
    Category > 1       0.446      2.791      0.000  93782.922
 COPYEXAM
    Category > 1       0.235      0.243      0.031      1.785

Latent Class 1 Compared to Latent Class 4

 LIEEXAM
    Category > 1     138.521   9573.598      0.000  *********
 LIEPAPER
    Category > 1     153.013   6207.763      0.000  *********
 FRAUD
    Category > 1       0.390      1.786      0.000   3095.004
 COPYEXAM
    Category > 1      13.567     11.849      2.449     75.147

Latent Class 1 Compared to Latent Class 5

 LIEEXAM
    Category > 1      13.319    856.091      0.000  *********
 LIEPAPER
    Category > 1    3586.236  68349.164      0.000  *********
 FRAUD
    Category > 1       6.340     34.647      0.000  *********
 COPYEXAM
    Category > 1       1.099      0.960      0.198      6.087

Latent Class 1 Compared to Latent Class 6

 LIEEXAM
    Category > 1    6125.670  *********      0.000  *********
 LIEPAPER
    Category > 1     162.510   3097.235      0.000  *********
 FRAUD
    Category > 1       1.851     10.116      0.000  83046.195
 COPYEXAM
    Category > 1       9.806      8.565      1.770     54.318

Latent Class 2 Compared to Latent Class 3

 LIEEXAM
    Category > 1      69.800    826.288      0.000  *********
 LIEPAPER
    Category > 1      13.166     37.844      0.047   3683.032
 FRAUD
    Category > 1      33.954     85.083      0.250   4612.056
 COPYEXAM
    Category > 1       2.332      6.093      0.014    390.530

Latent Class 2 Compared to Latent Class 4

 LIEEXAM
    Category > 1       4.096     23.083      0.000  *********
 LIEPAPER
    Category > 1      15.761    358.588      0.000  *********
 FRAUD
    Category > 1      29.658    176.555      0.000  *********
 COPYEXAM
    Category > 1     134.640    313.157      1.410  12853.022

Latent Class 2 Compared to Latent Class 5

 LIEEXAM
    Category > 1       0.394      0.548      0.026      6.023
 LIEPAPER
    Category > 1     369.388    475.392     29.648   4602.302
 FRAUD
    Category > 1     482.178    968.697      9.400  24734.576
 COPYEXAM
    Category > 1      10.905     25.364      0.114   1041.036

Latent Class 2 Compared to Latent Class 6

 LIEEXAM
    Category > 1     181.155    252.078     11.846   2770.269
 LIEPAPER
    Category > 1      16.739     21.542      1.343    208.553
 FRAUD
    Category > 1     140.786    282.839      2.744   7221.962
 COPYEXAM
    Category > 1      97.320    226.356      1.019   9290.408

Latent Class 3 Compared to Latent Class 4

 LIEEXAM
    Category > 1       0.059      0.464      0.000  *********
 LIEPAPER
    Category > 1       1.197     24.485      0.000  *********
 FRAUD
    Category > 1       0.873      5.126      0.000  86325.562
 COPYEXAM
    Category > 1      57.728     25.676     24.143    138.034

Latent Class 3 Compared to Latent Class 5

 LIEEXAM
    Category > 1       0.006      0.066      0.000  *********
 LIEPAPER
    Category > 1      28.057     56.646      0.536   1467.658
 FRAUD
    Category > 1      14.201     18.167      1.157    174.286
 COPYEXAM
    Category > 1       4.676      2.080      1.955     11.180

Latent Class 3 Compared to Latent Class 6

 LIEEXAM
    Category > 1       2.595     30.396      0.000  *********
 LIEPAPER
    Category > 1       1.271      2.567      0.024     66.507
 FRAUD
    Category > 1       4.146      5.304      0.338     50.888
 COPYEXAM
    Category > 1      41.727     18.559     17.451     99.774

Latent Class 4 Compared to Latent Class 5

 LIEEXAM
    Category > 1       0.096      0.508      0.000   3013.492
 LIEPAPER
    Category > 1      23.437    516.757      0.000  *********
 FRAUD
    Category > 1      16.258     80.132      0.001  *********
 COPYEXAM
    Category > 1       0.081      0.000      0.081      0.081

Latent Class 4 Compared to Latent Class 6

 LIEEXAM
    Category > 1      44.222    233.580      0.001  *********
 LIEPAPER
    Category > 1       1.062     23.417      0.000  *********
 FRAUD
    Category > 1       4.747     23.397      0.000  74457.742
 COPYEXAM
    Category > 1       0.723      0.000      0.723      0.723

Latent Class 5 Compared to Latent Class 6

 LIEEXAM
    Category > 1     459.935      0.000    459.935    459.935
 LIEPAPER
    Category > 1       0.045      0.000      0.045      0.045
 FRAUD
    Category > 1       0.292      0.000      0.292      0.292
 COPYEXAM
    Category > 1       8.924      0.000      8.924      8.924


MODEL COMMAND WITH FINAL ESTIMATES USED AS STARTING VALUES

     %OVERALL%

     [ c#1*-2.43239 ];
     [ c#2*-2.61171 ];
     [ c#3*-0.80996 ];
     [ c#4*-2.42667 ];
     [ c#5*-3.16528 ];

     %C#1%

     [ lieexam$1*-3.58778 ];
     [ liepaper$1*-2.24971 ];
     [ fraud$1*3.35812 ];
     [ copyexam$1*1.17647 ];

     %C#2%

     [ lieexam$1*-0.06688 ];
     [ liepaper$1*0.02330 ];
     [ fraud$1*-0.97334 ];
     [ copyexam$1*-1.11851 ];

     %C#3%

     [ lieexam$1*4.17875 ];
     [ liepaper$1*2.60091 ];
     [ fraud$1*2.55166 ];
     [ copyexam$1*-0.27165 ];

     %C#4%

     [ lieexam$1*1.34325 ];
     [ liepaper$1*2.78082 ];
     [ fraud$1*2.41639 ];
     [ copyexam$1*3.78410 ];

     %C#5%

     [ lieexam$1*-0.99862 ];
     [ liepaper$1*5.93515 ];
     [ fraud$1*5.20497 ];
     [ copyexam$1*1.27073 ];

     %C#6%

     [ lieexam$1*5.13247 ];
     [ liepaper$1*2.84103 ];
     [ fraud$1*3.97390 ];
     [ copyexam$1*3.45950 ];



RESIDUAL OUTPUT


     RESIDUAL OUTPUT IS NOT AVAILABLE FOR THIS MODEL.  ADDITIONAL OUTPUT FOR
     CATEGORICAL, COUNT, AND NOMINAL VARIABLES MAY BE AVAILABLE USING TECH10.


TECHNICAL 11 OUTPUT

     Random Starts Specifications for the k-1 Class Analysis Model
        Number of initial stage random starts                 200
        Number of final stage optimizations                   100



     VUONG-LO-MENDELL-RUBIN LIKELIHOOD RATIO TEST FOR 5 (H0) VERSUS 6 CLASSES

          H0 Loglikelihood Value                         -436.145
          2 Times the Loglikelihood Difference              0.000
          Difference in the Number of Parameters                5
          Mean                                             -0.005
          Standard Deviation                                0.012
          P-Value                                          0.4253

     LO-MENDELL-RUBIN ADJUSTED LRT TEST

          Value                                             0.000
          P-Value                                          0.4253


TECHNICAL 14 OUTPUT

     Random Starts Specifications for the k-1 Class Analysis Model
        Number of initial stage random starts                 200
        Number of final stage optimizations                   100

     Random Starts Specification for the k-1 Class Model for Generated Data
        Number of initial stage random starts                   0
        Number of final stage optimizations for the
           initial stage random starts                          0
     Random Starts Specification for the k Class Model for Generated Data
        Number of initial stage random starts                  40
        Number of final stage optimizations                     8
     Number of bootstrap draws requested                   Varies


     PARAMETRIC BOOTSTRAPPED LIKELIHOOD RATIO TEST FOR 5 (H0) VERSUS 6 CLASSES

          H0 Loglikelihood Value                         -436.145
          2 Times the Loglikelihood Difference              0.000
          Difference in the Number of Parameters                5
          Approximate P-Value                              1.0000
          Successful Bootstrap Draws                            2


PLOT INFORMATION

The following plots are available:

  Histograms (sample values)
  Scatterplots (sample values)
  Sample proportions and estimated probabilities

     Beginning Time:  14:11:07
        Ending Time:  14:11:19
       Elapsed Time:  00:00:12



MUTHEN & MUTHEN
3463 Stoner Ave.
Los Angeles, CA  90066

Tel: (310) 391-9971
Fax: (310) 391-8971
Web: www.StatModel.com
Support: Support@StatModel.com

Copyright (c) 1998-2024 Muthen & Muthen
